2024-11-24 17:27:07,824 - INFO - 10330, listing Ids scraped and saved in: 0:03:55.449013
2024-11-24 17:27:07,832 - INFO - Started scraping 5 listings.
2024-11-24 17:27:12,001 - INFO - Finished scraping 5 listings.
2024-11-24 17:27:12,001 - INFO - Scrape nr: 1 was finished, yielding 5 new listings. Taking 0:00:04.168596

2024-11-24 17:39:40,903 - INFO - 10330, listing Ids scraped and saved in: 0:04:15.397367
2024-11-24 17:39:40,915 - INFO - Started scraping 0 listings.
2024-11-24 17:39:40,916 - INFO - Finished scraping 0 listings.
2024-11-24 17:39:40,916 - INFO - Scrape nr: 1 was finished, yielding 0 new listings. Taking 0:00:00.000897

2024-11-24 23:50:45,030 - INFO - 10334, listing Ids scraped and saved in: 0:03:41.540805
2024-11-24 23:50:45,036 - INFO - Started scraping 14 listings.
2024-11-24 23:50:54,508 - INFO - Finished scraping 14 listings.
2024-11-24 23:50:54,509 - INFO - Scrape nr: 1 was finished, yielding 14 new listings. Taking 0:00:09.472671

2024-11-25 07:05:16,664 - INFO - 10259, listing Ids scraped and saved in: 0:09:27.867889
2024-11-25 07:05:16,686 - INFO - Started scraping 2 listings.
2024-11-25 07:05:19,965 - INFO - Finished scraping 2 listings.
2024-11-25 07:05:19,965 - INFO - Scrape nr: 2 was finished, yielding 2 new listings. Taking 0:00:03.278830

2024-11-25 14:56:28,259 - INFO - The script was ran
2024-11-25 15:02:44,248 - INFO - The script was ran
2024-11-25 15:04:14,420 - INFO - The script was ran
2024-11-25 15:07:51,820 - INFO - The script was ran
2024-11-25 15:12:15,283 - INFO - The script was ran
2024-11-25 15:23:47,258 - INFO - The script was ran
2024-11-25 15:24:59,306 - INFO - The script was ran
2024-11-25 15:33:21,581 - INFO - The script was ran
2024-11-25 15:46:35,240 - INFO - The script was ran
2024-11-25 15:49:19,211 - INFO - The script was ran
2024-11-25 18:45:14,239 - INFO - 10314, listing Ids scraped and saved in: 0:10:48.187010
2024-11-25 18:45:14,260 - INFO - Started scraping 87 listings.
2024-11-25 18:48:01,887 - INFO - Finished scraping 87 listings.
2024-11-25 18:48:01,888 - INFO - Scrape was finished, yielding 87 new listings. Taking 0:02:47.627008

2024-11-25 20:45:33,444 - INFO - 10316, listing Ids scraped and saved in: 0:07:30.719784
2024-11-25 20:45:33,475 - INFO - Started scraping 23 listings.
2024-11-25 20:46:15,083 - INFO - Finished scraping 23 listings.
2024-11-25 20:46:15,084 - INFO - Scrape was finished, yielding 23 new listings. Taking 0:00:41.608096

2024-11-26 01:44:24,257 - INFO - 10286, listing Ids scraped and saved in: 0:08:36.463219
2024-11-26 01:44:24,279 - INFO - Started scraping 17 listings.
2024-11-26 01:44:50,852 - INFO - Finished scraping 17 listings.
2024-11-26 01:44:50,854 - INFO - Scrape was finished, yielding 17 new listings. Taking 0:00:26.573798

2024-11-26 14:38:34,757 - INFO - 10322, listing Ids scraped and saved in: 0:06:49.255254
2024-11-26 14:38:34,771 - INFO - Started scraping 67 listings.
2024-11-26 14:40:13,895 - INFO - Finished scraping 67 listings.
2024-11-26 14:40:13,898 - INFO - Scrape was finished, yielding 67 new listings. Taking 0:01:39.123720

